<?xml version="1.0" encoding="UTF-8"?>
<testsuite xmlns:xsi="http://www.w3.org/2001/XMLSchema-instance" xsi:noNamespaceSchemaLocation="https://maven.apache.org/surefire/maven-surefire-plugin/xsd/surefire-test-report.xsd" name="TestSuite" time="0.326" tests="2" errors="0" skipped="0" failures="0">
  <properties>
[...]
</properties>
  <testcase name="wow" classname="com.Specifi_IO.step_Definition.CucumberDnm" time="0.004"/>
  <testcase name="xmlDnm" classname="com.Specifi_IO.step_Definition.CucumberDnm" time="0"/>
</testsuite>