<?xml version="1.0" encoding="UTF-8"?>
<testng-results ignored="0" total="2" passed="2" failed="0" skipped="0">
  <reporter-output>
  </reporter-output>
  <suite started-at="2023-02-24T23:46:25 GMT" name="All Test Suite" finished-at="2023-02-24T23:46:25 GMT" duration-ms="25">
    <groups>
    </groups>
    <test started-at="2023-02-24T23:46:25 GMT" name="C:/Users/diez_/IdeaProjects/Interview_FrameWork" finished-at="2023-02-24T23:46:25 GMT" duration-ms="25">
      <class name="com.Specifi_IO.step_Definition.CucumberDnm">
        <test-method signature="wow()[pri:0, instance:com.Specifi_IO.step_Definition.CucumberDnm@3d51f06e]" started-at="2023-02-24T23:46:25 GMT" name="wow" finished-at="2023-02-24T23:46:25 GMT" duration-ms="3" status="PASS">
          <reporter-output>
          </reporter-output>
        </test-method> <!-- wow -->
        <test-method signature="xmlDnm()[pri:0, instance:com.Specifi_IO.step_Definition.CucumberDnm@3d51f06e]" started-at="2023-02-24T23:46:25 GMT" name="xmlDnm" finished-at="2023-02-24T23:46:25 GMT" duration-ms="0" status="PASS">
          <reporter-output>
          </reporter-output>
        </test-method> <!-- xmlDnm -->
      </class> <!-- com.Specifi_IO.step_Definition.CucumberDnm -->
    </test> <!-- C:/Users/diez_/IdeaProjects/Interview_FrameWork -->
  </suite> <!-- All Test Suite -->
</testng-results>
